<?xml version="1.0" encoding="UTF-8"?>
<!-- Generated by org.testng.reporters.JUnitReportReporter -->
<testsuite hostname="SarthakSyduAIO" failures="0" tests="14" name="com.tutorialsninja.qa.Runner.Runner_TestNG" time="96.024" errors="0" timestamp="2023-11-26T02:25:43 EST" skipped="0">
  <testcase classname="com.tutorialsninja.qa.Runner.Runner_TestNG" name="runScenario" time="4.764"/>
  <system-out/>
  <testcase classname="com.tutorialsninja.qa.Runner.Runner_TestNG" name="runScenario" time="5.631"/>
  <system-out/>
  <testcase classname="com.tutorialsninja.qa.Runner.Runner_TestNG" name="runScenario" time="4.293"/>
  <system-out/>
  <testcase classname="com.tutorialsninja.qa.Runner.Runner_TestNG" name="runScenario" time="5.548"/>
  <system-out/>
  <testcase classname="com.tutorialsninja.qa.Runner.Runner_TestNG" name="runScenario" time="5.934"/>
  <system-out/>
  <testcase classname="com.tutorialsninja.qa.Runner.Runner_TestNG" name="runScenario" time="5.088"/>
  <system-out/>
  <testcase classname="com.tutorialsninja.qa.Runner.Runner_TestNG" name="runScenario" time="5.873"/>
  <system-out/>
  <testcase classname="com.tutorialsninja.qa.Runner.Runner_TestNG" name="runScenario" time="8.164"/>
  <system-out/>
  <testcase classname="com.tutorialsninja.qa.Runner.Runner_TestNG" name="runScenario" time="4.251"/>
  <system-out/>
  <testcase classname="com.tutorialsninja.qa.Runner.Runner_TestNG" name="runScenario" time="20.955"/>
  <system-out/>
  <testcase classname="com.tutorialsninja.qa.Runner.Runner_TestNG" name="runScenario" time="5.825"/>
  <system-out/>
  <testcase classname="com.tutorialsninja.qa.Runner.Runner_TestNG" name="runScenario" time="5.391"/>
  <system-out/>
  <testcase classname="com.tutorialsninja.qa.Runner.Runner_TestNG" name="runScenario" time="5.714"/>
  <system-out/>
  <testcase classname="com.tutorialsninja.qa.Runner.Runner_TestNG" name="runScenario" time="8.593"/>
  <system-out/>
</testsuite> <!-- com.tutorialsninja.qa.Runner.Runner_TestNG -->
