<?xml version="1.0" encoding="UTF-8"?>
<!-- Generated by org.testng.reporters.JUnitReportReporter -->
<testsuite hostname="SarthakSyduAIO" failures="0" tests="8" name="com.tutorialsninja.qa.Runner.Runner_TestNG" time="40.635" errors="0" timestamp="2023-11-25T19:38:30 EST" skipped="0">
  <testcase classname="com.tutorialsninja.qa.Runner.Runner_TestNG" name="runScenario" time="5.501"/>
  <system-out/>
  <testcase classname="com.tutorialsninja.qa.Runner.Runner_TestNG" name="runScenario" time="6.119"/>
  <system-out/>
  <testcase classname="com.tutorialsninja.qa.Runner.Runner_TestNG" name="runScenario" time="5.202"/>
  <system-out/>
  <testcase classname="com.tutorialsninja.qa.Runner.Runner_TestNG" name="runScenario" time="5.535"/>
  <system-out/>
  <testcase classname="com.tutorialsninja.qa.Runner.Runner_TestNG" name="runScenario" time="4.554"/>
  <system-out/>
  <testcase classname="com.tutorialsninja.qa.Runner.Runner_TestNG" name="runScenario" time="4.188"/>
  <system-out/>
  <testcase classname="com.tutorialsninja.qa.Runner.Runner_TestNG" name="runScenario" time="4.343"/>
  <system-out/>
  <testcase classname="com.tutorialsninja.qa.Runner.Runner_TestNG" name="runScenario" time="5.193"/>
  <system-out/>
</testsuite> <!-- com.tutorialsninja.qa.Runner.Runner_TestNG -->
